[06-Mar-2017 11:48:17 CST6CDT] mail() on [/home/sureforl/public_html/application/helpers/my_functions_helper.php:140]: To: harshdoshi11794@gmail.com -- Headers: MIME-Version: 1.0  Content-type:text/html;charset=UTF-8  From: <noreply@sureforless.com>
[06-Mar-2017 11:48:55 CST6CDT] mail() on [/home/sureforl/public_html/application/helpers/my_functions_helper.php:140]: To: harshdoshi11794@gmail.com -- Headers: MIME-Version: 1.0  Content-type:text/html;charset=UTF-8  From: <noreply@sureforless.com>
[06-Mar-2017 11:55:08 CST6CDT] mail() on [/home/sureforl/public_html/application/helpers/my_functions_helper.php:140]: To: harshdoshi11794@gmail.com -- Headers: MIME-Version: 1.0  Content-type:text/html;charset=UTF-8  From: <noreply@sureforless.com>
[06-Mar-2017 13:09:09 CST6CDT] mail() on [/home/sureforl/public_html/application/helpers/my_functions_helper.php:140]: To: harshdoshi11794@gmail.com -- Headers: MIME-Version: 1.0  Content-type:text/html;charset=UTF-8  From: Sureforless <noreply@sureforless.com>
[06-Mar-2017 13:10:56 CST6CDT] mail() on [/home/sureforl/public_html/application/helpers/my_functions_helper.php:140]: To: harshdoshi11794@gmail.com -- Headers: MIME-Version: 1.0  Content-type:text/html;charset=UTF-8  From: "Sureforless" <noreply@sureforless.com>
[07-Mar-2017 14:24:06 CST6CDT] mail() on [/home/sureforl/public_html/application/helpers/my_functions_helper.php:140]: To: arpit100@gmail.com -- Headers: MIME-Version: 1.0  Content-type:text/html;charset=UTF-8  From: "Sureforless" <noreply@sureforless.com>
[07-Mar-2017 20:20:01 CST6CDT] mail() on [/home/sureforl/public_html/application/helpers/my_functions_helper.php:140]: To: mrsharma79@yahoo.com -- Headers: MIME-Version: 1.0  Content-type:text/html;charset=UTF-8  From: "Sureforless" <noreply@sureforless.com>
[08-Mar-2017 16:18:00 CST6CDT] mail() on [/home/sureforl/public_html/application/helpers/my_functions_helper.php:140]: To: lll@dsadsa.com -- Headers: MIME-Version: 1.0  Content-type:text/html;charset=UTF-8  From: "Sureforless" <noreply@sureforless.com>
[14-Mar-2017 12:50:01 CST6CDT] mail() on [/home/sureforl/public_html/application/helpers/my_functions_helper.php:140]: To: test065622@gmail.com -- Headers: MIME-Version: 1.0  Content-type:text/html;charset=UTF-8  From: "Sureforless" <noreply@sureforless.com>
[14-Mar-2017 14:18:51 CST6CDT] mail() on [/home/sureforl/public_html/application/helpers/my_functions_helper.php:140]: To: njak@gml.com -- Headers: MIME-Version: 1.0  Content-type:text/html;charset=UTF-8  From: "Sureforless" <noreply@sureforless.com>
[15-Mar-2017 13:56:04 CST6CDT] mail() on [/home/sureforl/public_html/application/helpers/my_functions_helper.php:140]: To: test068891@gmail.com -- Headers: MIME-Version: 1.0  Content-type:text/html;charset=UTF-8  From: "Sureforless" <noreply@sureforless.com>
[17-Mar-2017 18:25:47 CST6CDT] mail() on [/home/sureforl/public_html/application/helpers/my_functions_helper.php:140]: To: javabypro@gmail.com -- Headers: MIME-Version: 1.0  Content-type:text/html;charset=UTF-8  From: "Sureforless" <noreply@sureforless.com>
[17-Mar-2017 21:49:28 CST6CDT] mail() on [/home/sureforl/public_html/application/helpers/my_functions_helper.php:140]: To: riteshsharma0720@gmail.com -- Headers: MIME-Version: 1.0  Content-type:text/html;charset=UTF-8  From: "Sureforless" <noreply@sureforless.com>
[18-Mar-2017 02:43:05 CST6CDT] mail() on [/home/sureforl/public_html/application/helpers/my_functions_helper.php:140]: To: sureforless@gmail.com -- Headers: MIME-Version: 1.0  Content-type:text/html;charset=UTF-8  From: "Sureforless" <noreply@sureforless.com>
[18-Mar-2017 15:05:59 CST6CDT] mail() on [/home/sureforl/public_html/application/helpers/my_functions_helper.php:140]: To: rojivadiyadivyesh002@gmail.com -- Headers: MIME-Version: 1.0  Content-type:text/html;charset=UTF-8  From: "Sureforless" <noreply@sureforless.com>
[19-Mar-2017 02:39:36 CST6CDT] mail() on [/home/sureforl/public_html/application/helpers/my_functions_helper.php:141]: To: renishshop@gmail.com -- Headers: MIME-Version: 1.0  Content-type:text/html;charset=UTF-8  From: "Sureforless" <noreply@sureforless.com>
[19-Mar-2017 02:40:34 CST6CDT] mail() on [/home/sureforl/public_html/application/helpers/my_functions_helper.php:141]: To: renishpatel.181@gmail.com -- Headers: MIME-Version: 1.0  Content-type:text/html;charset=UTF-8  From: "Sureforless" <noreply@sureforless.com>
[19-Mar-2017 02:51:26 CST6CDT] mail() on [/home/sureforl/public_html/testmail.php:37]: To: info.zestbrains@gmail.com -- Headers: From: renishpatel.181@gmail.com
[20-Mar-2017 10:38:21 CST6CDT] mail() on [/home/sureforl/public_html/application/helpers/my_functions_helper.php:141]: To: renidsh@gmail.com -- Headers: MIME-Version: 1.0  Content-type:text/html;charset=UTF-8  From: "Sureforless" <noreply@sureforless.com>
[20-Mar-2017 10:40:45 CST6CDT] mail() on [/home/sureforl/public_html/application/helpers/my_functions_helper.php:141]: To: ren343434ish@gmail.com -- Headers: MIME-Version: 1.0  Content-type:text/html;charset=UTF-8  From: "Sureforless" <noreply@sureforless.com>
[20-Mar-2017 10:44:39 CST6CDT] mail() on [/home/sureforl/public_html/application/helpers/my_functions_helper.php:141]: To: renishtestshop@gmail.com -- Headers: MIME-Version: 1.0  Content-type:text/html;charset=UTF-8  From: "Sureforless" <noreply@sureforless.com>
[20-Mar-2017 12:55:09 CST6CDT] mail() on [/home/sureforl/public_html/application/helpers/my_functions_helper.php:141]: To: arpit4569@gmail.com -- Headers: MIME-Version: 1.0  Content-type:text/html;charset=UTF-8  From: "Sureforless" <noreply@sureforless.com>
[20-Mar-2017 13:01:34 CST6CDT] mail() on [/home/sureforl/public_html/application/helpers/my_functions_helper.php:141]: To: tesklt@gmail.com -- Headers: MIME-Version: 1.0  Content-type:text/html;charset=UTF-8  From: "Sureforless" <noreply@sureforless.com>
[20-Mar-2017 13:47:05 CST6CDT] mail() on [/home/sureforl/public_html/application/helpers/my_functions_helper.php:141]: To: harshdoshi11794@gmail.com -- Headers: MIME-Version: 1.0  Content-type:text/html;charset=UTF-8  From: "Sureforless" <noreply@sureforless.com>
[20-Mar-2017 14:12:31 CST6CDT] mail() on [/home/sureforl/public_html/application/helpers/my_functions_helper.php:141]: To: harshdoshi11794@gmail.com -- Headers: MIME-Version: 1.0  Content-type:text/html;charset=UTF-8  From: "Sureforless" <noreply@sureforless.com>
[20-Mar-2017 17:34:27 CST6CDT] mail() on [/home/sureforl/public_html/application/helpers/my_functions_helper.php:141]: To: arpit800@gmail.com -- Headers: MIME-Version: 1.0  Content-type:text/html;charset=UTF-8  From: "Sureforless" <noreply@sureforless.com>
[20-Mar-2017 18:13:35 CST6CDT] mail() on [/home/sureforl/public_html/application/helpers/my_functions_helper.php:141]: To: sureforless@gmail.com -- Headers: MIME-Version: 1.0  Content-type:text/html;charset=UTF-8  From: "Sureforless" <noreply@sureforless.com>
